[2019-12-11T01:15:24.275] [ERROR] error - ForbiddenError: invalid csrf token
    at csrf (/Users/sameer/Documents/PetProjects/CasaDroid/simple-relay/core/node_modules/csurf/index.js:112:19)
    at Layer.handle [as handle_request] (/Users/sameer/Documents/PetProjects/CasaDroid/simple-relay/core/node_modules/express/lib/router/layer.js:95:5)
    at trim_prefix (/Users/sameer/Documents/PetProjects/CasaDroid/simple-relay/core/node_modules/express/lib/router/index.js:317:13)
    at /Users/sameer/Documents/PetProjects/CasaDroid/simple-relay/core/node_modules/express/lib/router/index.js:284:7
    at Function.process_params (/Users/sameer/Documents/PetProjects/CasaDroid/simple-relay/core/node_modules/express/lib/router/index.js:335:12)
    at next (/Users/sameer/Documents/PetProjects/CasaDroid/simple-relay/core/node_modules/express/lib/router/index.js:275:10)
    at /Users/sameer/Documents/PetProjects/CasaDroid/simple-relay/core/node_modules/express/lib/router/index.js:635:15
    at next (/Users/sameer/Documents/PetProjects/CasaDroid/simple-relay/core/node_modules/express/lib/router/index.js:260:14)
    at Function.handle (/Users/sameer/Documents/PetProjects/CasaDroid/simple-relay/core/node_modules/express/lib/router/index.js:174:3)
    at router (/Users/sameer/Documents/PetProjects/CasaDroid/simple-relay/core/node_modules/express/lib/router/index.js:47:12)
[2019-12-11T01:15:37.345] [ERROR] error - Error: ER_ACCESS_DENIED_ERROR: Access denied for user 'root'@'localhost' (using password: YES)
    at Handshake.Sequence._packetToError (/Users/sameer/Documents/PetProjects/CasaDroid/simple-relay/core/node_modules/express-mysql-session/node_modules/mysql/lib/protocol/sequences/Sequence.js:47:14)
    at Handshake.ErrorPacket (/Users/sameer/Documents/PetProjects/CasaDroid/simple-relay/core/node_modules/express-mysql-session/node_modules/mysql/lib/protocol/sequences/Handshake.js:124:18)
    at Protocol._parsePacket (/Users/sameer/Documents/PetProjects/CasaDroid/simple-relay/core/node_modules/express-mysql-session/node_modules/mysql/lib/protocol/Protocol.js:278:23)
    at Parser.write (/Users/sameer/Documents/PetProjects/CasaDroid/simple-relay/core/node_modules/express-mysql-session/node_modules/mysql/lib/protocol/Parser.js:76:12)
    at Protocol.write (/Users/sameer/Documents/PetProjects/CasaDroid/simple-relay/core/node_modules/express-mysql-session/node_modules/mysql/lib/protocol/Protocol.js:38:16)
    at Socket.<anonymous> (/Users/sameer/Documents/PetProjects/CasaDroid/simple-relay/core/node_modules/express-mysql-session/node_modules/mysql/lib/Connection.js:91:28)
    at Socket.<anonymous> (/Users/sameer/Documents/PetProjects/CasaDroid/simple-relay/core/node_modules/express-mysql-session/node_modules/mysql/lib/Connection.js:502:10)
    at Socket.emit (events.js:182:13)
    at addChunk (_stream_readable.js:283:12)
    at readableAddChunk (_stream_readable.js:264:11)
    --------------------
    at Protocol._enqueue (/Users/sameer/Documents/PetProjects/CasaDroid/simple-relay/core/node_modules/express-mysql-session/node_modules/mysql/lib/protocol/Protocol.js:144:48)
    at Protocol.handshake (/Users/sameer/Documents/PetProjects/CasaDroid/simple-relay/core/node_modules/express-mysql-session/node_modules/mysql/lib/protocol/Protocol.js:51:23)
    at PoolConnection.connect (/Users/sameer/Documents/PetProjects/CasaDroid/simple-relay/core/node_modules/express-mysql-session/node_modules/mysql/lib/Connection.js:118:18)
    at Pool.getConnection (/Users/sameer/Documents/PetProjects/CasaDroid/simple-relay/core/node_modules/express-mysql-session/node_modules/mysql/lib/Pool.js:48:16)
    at Pool.query (/Users/sameer/Documents/PetProjects/CasaDroid/simple-relay/core/node_modules/express-mysql-session/node_modules/mysql/lib/Pool.js:202:8)
    at MySQLStore.query (/Users/sameer/Documents/PetProjects/CasaDroid/simple-relay/core/node_modules/express-mysql-session/index.js:432:33)
    at MySQLStore.get (/Users/sameer/Documents/PetProjects/CasaDroid/simple-relay/core/node_modules/express-mysql-session/index.js:162:8)
    at session (/Users/sameer/Documents/PetProjects/CasaDroid/simple-relay/core/node_modules/express-session/index.js:474:11)
    at Layer.handle [as handle_request] (/Users/sameer/Documents/PetProjects/CasaDroid/simple-relay/core/node_modules/express/lib/router/layer.js:95:5)
    at trim_prefix (/Users/sameer/Documents/PetProjects/CasaDroid/simple-relay/core/node_modules/express/lib/router/index.js:317:13)
[2019-12-11T01:16:19.877] [ERROR] error - TypeError: req.csrfToken is not a function
    at app.use (/Users/sameer/Documents/PetProjects/CasaDroid/simple-relay/core/app.js:124:28)
    at Layer.handle [as handle_request] (/Users/sameer/Documents/PetProjects/CasaDroid/simple-relay/core/node_modules/express/lib/router/layer.js:95:5)
    at trim_prefix (/Users/sameer/Documents/PetProjects/CasaDroid/simple-relay/core/node_modules/express/lib/router/index.js:317:13)
    at /Users/sameer/Documents/PetProjects/CasaDroid/simple-relay/core/node_modules/express/lib/router/index.js:284:7
    at Function.process_params (/Users/sameer/Documents/PetProjects/CasaDroid/simple-relay/core/node_modules/express/lib/router/index.js:335:12)
    at next (/Users/sameer/Documents/PetProjects/CasaDroid/simple-relay/core/node_modules/express/lib/router/index.js:275:10)
    at /Users/sameer/Documents/PetProjects/CasaDroid/simple-relay/core/node_modules/express/lib/router/index.js:635:15
    at next (/Users/sameer/Documents/PetProjects/CasaDroid/simple-relay/core/node_modules/express/lib/router/index.js:260:14)
    at Function.handle (/Users/sameer/Documents/PetProjects/CasaDroid/simple-relay/core/node_modules/express/lib/router/index.js:174:3)
    at router (/Users/sameer/Documents/PetProjects/CasaDroid/simple-relay/core/node_modules/express/lib/router/index.js:47:12)
[2019-12-11T01:19:35.298] [ERROR] error - TypeError: Cannot destructure property `user` of 'undefined' or 'null'.
    at router.get (/Users/sameer/Documents/PetProjects/CasaDroid/simple-relay/core/routes/index.js:9:24)
    at Layer.handle [as handle_request] (/Users/sameer/Documents/PetProjects/CasaDroid/simple-relay/core/node_modules/express/lib/router/layer.js:95:5)
    at next (/Users/sameer/Documents/PetProjects/CasaDroid/simple-relay/core/node_modules/express/lib/router/route.js:137:13)
    at Route.dispatch (/Users/sameer/Documents/PetProjects/CasaDroid/simple-relay/core/node_modules/express/lib/router/route.js:112:3)
    at Layer.handle [as handle_request] (/Users/sameer/Documents/PetProjects/CasaDroid/simple-relay/core/node_modules/express/lib/router/layer.js:95:5)
    at /Users/sameer/Documents/PetProjects/CasaDroid/simple-relay/core/node_modules/express/lib/router/index.js:281:22
    at Function.process_params (/Users/sameer/Documents/PetProjects/CasaDroid/simple-relay/core/node_modules/express/lib/router/index.js:335:12)
    at next (/Users/sameer/Documents/PetProjects/CasaDroid/simple-relay/core/node_modules/express/lib/router/index.js:275:10)
    at Function.handle (/Users/sameer/Documents/PetProjects/CasaDroid/simple-relay/core/node_modules/express/lib/router/index.js:174:3)
    at router (/Users/sameer/Documents/PetProjects/CasaDroid/simple-relay/core/node_modules/express/lib/router/index.js:47:12)
[2019-12-11T01:23:47.055] [ERROR] error - Error: ENOENT: no such file or directory, open '/sys/class/gpio/export'
    at Object.openSync (fs.js:448:3)
    at Object.writeFileSync (fs.js:1210:35)
    at exportGpio (/Users/sameer/Documents/PetProjects/CasaDroid/simple-relay/core/node_modules/onoff/onoff.js:18:8)
    at new Gpio (/Users/sameer/Documents/PetProjects/CasaDroid/simple-relay/core/node_modules/onoff/onoff.js:172:36)
    at router.post (/Users/sameer/Documents/PetProjects/CasaDroid/simple-relay/core/routes/api.js:11:15)
    at Layer.handle [as handle_request] (/Users/sameer/Documents/PetProjects/CasaDroid/simple-relay/core/node_modules/express/lib/router/layer.js:95:5)
    at next (/Users/sameer/Documents/PetProjects/CasaDroid/simple-relay/core/node_modules/express/lib/router/route.js:137:13)
    at Route.dispatch (/Users/sameer/Documents/PetProjects/CasaDroid/simple-relay/core/node_modules/express/lib/router/route.js:112:3)
    at Layer.handle [as handle_request] (/Users/sameer/Documents/PetProjects/CasaDroid/simple-relay/core/node_modules/express/lib/router/layer.js:95:5)
    at /Users/sameer/Documents/PetProjects/CasaDroid/simple-relay/core/node_modules/express/lib/router/index.js:281:22
[2019-12-11T01:23:54.980] [ERROR] error - Error: ENOENT: no such file or directory, open '/sys/class/gpio/export'
    at Object.openSync (fs.js:448:3)
    at Object.writeFileSync (fs.js:1210:35)
    at exportGpio (/Users/sameer/Documents/PetProjects/CasaDroid/simple-relay/core/node_modules/onoff/onoff.js:18:8)
    at new Gpio (/Users/sameer/Documents/PetProjects/CasaDroid/simple-relay/core/node_modules/onoff/onoff.js:172:36)
    at router.post (/Users/sameer/Documents/PetProjects/CasaDroid/simple-relay/core/routes/api.js:11:15)
    at Layer.handle [as handle_request] (/Users/sameer/Documents/PetProjects/CasaDroid/simple-relay/core/node_modules/express/lib/router/layer.js:95:5)
    at next (/Users/sameer/Documents/PetProjects/CasaDroid/simple-relay/core/node_modules/express/lib/router/route.js:137:13)
    at Route.dispatch (/Users/sameer/Documents/PetProjects/CasaDroid/simple-relay/core/node_modules/express/lib/router/route.js:112:3)
    at Layer.handle [as handle_request] (/Users/sameer/Documents/PetProjects/CasaDroid/simple-relay/core/node_modules/express/lib/router/layer.js:95:5)
    at /Users/sameer/Documents/PetProjects/CasaDroid/simple-relay/core/node_modules/express/lib/router/index.js:281:22
